<?xml version="1.0" encoding="UTF-8"?>
<coverage generated="1614770757">
  <project timestamp="1614770757">
    <file name="/app/src/WileyTechnicalChallenge/CacheClientFacade.php">
      <class name="WileyTechnicalChallenge\CacheClientFacade" namespace="global">
        <metrics complexity="9" methods="7" coveredmethods="7" conditionals="0" coveredconditionals="0" statements="14" coveredstatements="14" elements="21" coveredelements="21"/>
      </class>
      <line num="19" type="method" name="__construct" visibility="public" complexity="1" crap="1" count="22"/>
      <line num="21" type="stmt" count="22"/>
      <line num="22" type="stmt" count="22"/>
      <line num="23" type="stmt" count="22"/>
      <line num="24" type="stmt" count="22"/>
      <line num="33" type="method" name="setHash" visibility="public" complexity="1" crap="1" count="17"/>
      <line num="35" type="stmt" count="17"/>
      <line num="44" type="method" name="getHash" visibility="public" complexity="2" crap="2" count="4"/>
      <line num="46" type="stmt" count="4"/>
      <line num="47" type="stmt" count="4"/>
      <line num="50" type="stmt" count="2"/>
      <line num="59" type="method" name="hasHash" visibility="public" complexity="2" crap="2" count="16"/>
      <line num="61" type="stmt" count="16"/>
      <line num="62" type="stmt" count="4"/>
      <line num="65" type="stmt" count="16"/>
      <line num="74" type="method" name="terminate" visibility="public" complexity="1" crap="1" count="9"/>
      <line num="76" type="stmt" count="9"/>
      <line num="84" type="method" name="delete" visibility="public" complexity="1" crap="1" count="5"/>
      <line num="86" type="stmt" count="5"/>
      <line num="92" type="method" name="clearAll" visibility="public" complexity="1" crap="1" count="2"/>
      <line num="94" type="stmt" count="2"/>
      <metrics loc="96" ncloc="57" classes="1" methods="7" coveredmethods="7" conditionals="0" coveredconditionals="0" statements="14" coveredstatements="14" elements="21" coveredelements="21"/>
    </file>
    <file name="/app/src/WileyTechnicalChallenge/CacheManager.php">
      <class name="WileyTechnicalChallenge\CacheManager" namespace="global">
        <metrics complexity="10" methods="8" coveredmethods="8" conditionals="0" coveredconditionals="0" statements="11" coveredstatements="11" elements="19" coveredelements="19"/>
      </class>
      <line num="22" type="method" name="__construct" visibility="public" complexity="1" crap="1" count="16"/>
      <line num="24" type="stmt" count="16"/>
      <line num="25" type="stmt" count="16"/>
      <line num="34" type="method" name="store" visibility="public" complexity="1" crap="1" count="12"/>
      <line num="36" type="stmt" count="12"/>
      <line num="45" type="method" name="retrieve" visibility="public" complexity="3" crap="3" count="3"/>
      <line num="47" type="stmt" count="3"/>
      <line num="48" type="stmt" count="1"/>
      <line num="51" type="stmt" count="3"/>
      <line num="60" type="method" name="hasHash" visibility="public" complexity="1" crap="1" count="13"/>
      <line num="62" type="stmt" count="13"/>
      <line num="71" type="method" name="terminate" visibility="public" complexity="1" crap="1" count="8"/>
      <line num="73" type="stmt" count="8"/>
      <line num="81" type="method" name="delete" visibility="public" complexity="1" crap="1" count="3"/>
      <line num="83" type="stmt" count="3"/>
      <line num="89" type="method" name="clearAll" visibility="public" complexity="1" crap="1" count="1"/>
      <line num="91" type="stmt" count="1"/>
      <line num="99" type="method" name="getKeyByParams" visibility="public" complexity="1" crap="1" count="10"/>
      <line num="101" type="stmt" count="10"/>
      <metrics loc="103" ncloc="56" classes="1" methods="8" coveredmethods="8" conditionals="0" coveredconditionals="0" statements="11" coveredstatements="11" elements="19" coveredelements="19"/>
    </file>
    <file name="/app/src/WileyTechnicalChallenge/SimpleJsonRequest.php">
      <class name="WileyTechnicalChallenge\SimpleJsonRequest" namespace="global">
        <metrics complexity="21" methods="11" coveredmethods="9" conditionals="0" coveredconditionals="0" statements="46" coveredstatements="41" elements="57" coveredelements="50"/>
      </class>
      <line num="21" type="method" name="__construct" visibility="public" complexity="1" crap="1" count="9"/>
      <line num="23" type="stmt" count="9"/>
      <line num="24" type="stmt" count="9"/>
      <line num="32" type="method" name="get" visibility="public" complexity="1" crap="1" count="4"/>
      <line num="34" type="stmt" count="4"/>
      <line num="44" type="method" name="post" visibility="public" complexity="1" crap="1" count="2"/>
      <line num="46" type="stmt" count="2"/>
      <line num="56" type="method" name="put" visibility="public" complexity="1" crap="1" count="1"/>
      <line num="58" type="stmt" count="1"/>
      <line num="68" type="method" name="patch" visibility="public" complexity="1" crap="1" count="1"/>
      <line num="70" type="stmt" count="1"/>
      <line num="80" type="method" name="delete" visibility="public" complexity="1" crap="1" count="1"/>
      <line num="82" type="stmt" count="1"/>
      <line num="93" type="method" name="process" visibility="private" complexity="2" crap="2" count="9"/>
      <line num="95" type="stmt" count="9"/>
      <line num="97" type="stmt" count="9"/>
      <line num="98" type="stmt" count="2"/>
      <line num="101" type="stmt" count="7"/>
      <line num="112" type="method" name="hasCache" visibility="private" complexity="6" crap="6" count="9"/>
      <line num="114" type="stmt" count="9"/>
      <line num="117" type="stmt" count="9"/>
      <line num="118" type="stmt" count="9"/>
      <line num="119" type="stmt" count="9"/>
      <line num="120" type="stmt" count="9"/>
      <line num="121" type="stmt" count="9"/>
      <line num="124" type="stmt" count="2"/>
      <line num="125" type="stmt" count="2"/>
      <line num="129" type="stmt" count="7"/>
      <line num="139" type="method" name="compare" visibility="private" complexity="2" crap="2.86" count="2"/>
      <line num="141" type="stmt" count="2"/>
      <line num="144" type="stmt" count="2"/>
      <line num="145" type="stmt" count="0"/>
      <line num="146" type="stmt" count="0"/>
      <line num="149" type="stmt" count="0"/>
      <line num="160" type="method" name="makeRequest" visibility="private" complexity="4" crap="4.03" count="7"/>
      <line num="163" type="stmt" count="7"/>
      <line num="165" type="stmt" count="7"/>
      <line num="166" type="stmt" count="7"/>
      <line num="167" type="stmt" count="7"/>
      <line num="171" type="stmt" count="7"/>
      <line num="172" type="stmt" count="7"/>
      <line num="176" type="stmt" count="7"/>
      <line num="178" type="stmt" count="7"/>
      <line num="179" type="stmt" count="7"/>
      <line num="180" type="stmt" count="7"/>
      <line num="181" type="stmt" count="7"/>
      <line num="183" type="stmt" count="7"/>
      <line num="184" type="stmt" count="0"/>
      <line num="185" type="stmt" count="0"/>
      <line num="189" type="stmt" count="7"/>
      <line num="190" type="stmt" count="7"/>
      <line num="200" type="method" name="getUrlContents" visibility="private" complexity="1" crap="1" count="7"/>
      <line num="202" type="stmt" count="7"/>
      <line num="204" type="stmt" count="7"/>
      <line num="205" type="stmt" count="7"/>
      <line num="206" type="stmt" count="7"/>
      <line num="207" type="stmt" count="7"/>
      <metrics loc="210" ncloc="133" classes="1" methods="11" coveredmethods="9" conditionals="0" coveredconditionals="0" statements="46" coveredstatements="41" elements="57" coveredelements="50"/>
    </file>
    <metrics files="3" loc="409" ncloc="246" classes="3" methods="26" coveredmethods="24" conditionals="0" coveredconditionals="0" statements="71" coveredstatements="66" elements="97" coveredelements="90"/>
  </project>
</coverage>
